\BOOKMARK [0][-]{chapter*.3}{}{}% 1
\BOOKMARK [0][-]{chapter.1}{ \040}{}% 2
\BOOKMARK [1][-]{section.1.1}{ \040}{chapter.1}% 3
\BOOKMARK [1][-]{section.1.2}{ }{chapter.1}% 4
\BOOKMARK [1][-]{section.1.3}{NBSVM}{chapter.1}% 5
\BOOKMARK [0][-]{chapter.2}{ }{}% 6
\BOOKMARK [1][-]{section.2.1}{ }{chapter.2}% 7
\BOOKMARK [1][-]{section.2.2}{ }{chapter.2}% 8
\BOOKMARK [2][-]{subsection.2.2.1}{ \040 \( \)}{section.2.2}% 9
\BOOKMARK [2][-]{subsection.2.2.2}{ \040 \( \)}{section.2.2}% 10
\BOOKMARK [2][-]{subsection.2.2.3}{ }{section.2.2}% 11
\BOOKMARK [1][-]{section.2.3}{}{chapter.2}% 12
\BOOKMARK [2][-]{subsection.2.3.1}{ \040}{section.2.3}% 13
\BOOKMARK [2][-]{subsection.2.3.2}{ }{section.2.3}% 14
\BOOKMARK [2][-]{subsection.2.3.3}{}{section.2.3}% 15
\BOOKMARK [1][-]{section.2.4}{}{chapter.2}% 16
\BOOKMARK [1][-]{section.2.5}{ }{chapter.2}% 17
\BOOKMARK [0][-]{chapter.3}{}{}% 18
\BOOKMARK [0][-]{chapter*.4}{ }{}% 19
\BOOKMARK [0][-]{appendix.A}{-}{}% 20
